[CHILD] Entry. PID=35484, Session=1, Time=09:17:36
2026-01-09 09:17:36.999: ================ V13 START (CHILD) ================
2026-01-09 09:17:37.002: Running as user: SPACEJOY$
2026-01-09 09:17:37.003: Command Line: D:\Code\TEST\test\Deploy_V10\AuthUnlocker.Monitor.dll --child
2026-01-09 09:17:37.003: Successfully switched to Winlogon desktop.
2026-01-09 09:17:37.005: Hooks installed successfully. Starting message loop...
2026-01-09 09:17:48.256: [Trigger] Activity detected from Mouse after idle. Starting verification.
2026-01-09 09:17:48.257: >>> Input detected! Triggering verification flow...
2026-01-09 09:17:48.257: Verification SUCCESS. Attempting to unlock session...
[CHILD] Entry. PID=33784, Session=1, Time=09:18:48
2026-01-09 09:18:48.842: ================ V13 START (CHILD) ================
2026-01-09 09:18:48.845: Running as user: SPACEJOY$
2026-01-09 09:18:48.846: Command Line: D:\Code\TEST\test\Deploy_V10\AuthUnlocker.Monitor.dll --child
2026-01-09 09:18:48.847: Successfully switched to Winlogon desktop.
2026-01-09 09:18:48.849: Hooks installed successfully. Starting message loop...
2026-01-09 09:19:00.654: [Trigger] Activity detected from Mouse after idle. Starting verification.
2026-01-09 09:19:00.655: >>> Input detected! Triggering verification flow...
2026-01-09 09:19:00.655: Verification SUCCESS. Attempting to unlock session...
[CHILD] Entry. PID=30780, Session=1, Time=09:21:36
2026-01-09 09:21:36.688: ================ V14 START (CHILD) ================
2026-01-09 09:21:36.691: Running as user: SPACEJOY$
2026-01-09 09:21:36.691: Command Line: D:\Code\TEST\test\Deploy_V10\AuthUnlocker.Monitor.dll --child
2026-01-09 09:21:36.692: Successfully switched to Winlogon desktop.
2026-01-09 09:21:36.694: Hooks installed successfully. Starting message loop...
2026-01-09 09:21:53.255: [Trigger] Activity detected from Mouse after idle. Starting verification.
2026-01-09 09:21:53.256: >>> Input detected! Triggering verification flow...
2026-01-09 09:21:53.257: Verification SUCCESS. Attempting to unlock session...
[CHILD] Entry. PID=35856, Session=1, Time=09:22:16
2026-01-09 09:22:16.243: ================ V14 START (CHILD) ================
2026-01-09 09:22:16.246: Running as user: SPACEJOY$
2026-01-09 09:22:16.247: Command Line: D:\Code\TEST\test\Deploy_V10\AuthUnlocker.Monitor.dll --child
2026-01-09 09:22:16.248: Successfully switched to Winlogon desktop.
2026-01-09 09:22:16.251: Hooks installed successfully. Starting message loop...
2026-01-09 09:22:20.001: [Trigger] Activity detected from Mouse after idle. Starting verification.
2026-01-09 09:22:20.002: >>> Input detected! Triggering verification flow...
2026-01-09 09:22:20.002: Verification SUCCESS. Attempting to unlock session...
[CHILD] Entry. PID=34784, Session=1, Time=09:22:33
2026-01-09 09:22:34.011: ================ V14 START (CHILD) ================
2026-01-09 09:22:34.016: Running as user: SPACEJOY$
2026-01-09 09:22:34.016: Command Line: D:\Code\TEST\test\Deploy_V10\AuthUnlocker.Monitor.dll --child
2026-01-09 09:22:34.017: Successfully switched to Winlogon desktop.
2026-01-09 09:22:34.020: Hooks installed successfully. Starting message loop...
[CHILD] Entry. PID=36572, Session=1, Time=09:23:01
2026-01-09 09:23:01.252: ================ V14 START (CHILD) ================
2026-01-09 09:23:01.255: Running as user: SPACEJOY$
2026-01-09 09:23:01.256: Command Line: D:\Code\TEST\test\Deploy_V10\AuthUnlocker.Monitor.dll --child
2026-01-09 09:23:01.257: Successfully switched to Winlogon desktop.
2026-01-09 09:23:01.259: Hooks installed successfully. Starting message loop...
2026-01-09 09:23:05.532: [Trigger] Activity detected from Keyboard after idle. Starting verification.
2026-01-09 09:23:05.533: >>> Input detected! Triggering verification flow...
2026-01-09 09:23:05.533: Verification SUCCESS. Attempting to unlock session...
