2026-01-09 09:17:30.761: Service Started (Native).
2026-01-09 09:17:30.846: Scheduled task registration command executed.
2026-01-09 09:17:35.865: Session Change: 7 SessionId: 1
2026-01-09 09:17:35.866: Triggering Monitor via Task Scheduler for Session 1
2026-01-09 09:17:57.414: Session Change: 8 SessionId: 1
2026-01-09 09:17:57.415: Stopping Monitor via Task Scheduler...
2026-01-09 09:18:48.571: Session Change: 7 SessionId: 1
2026-01-09 09:18:48.572: Triggering Monitor via Task Scheduler for Session 1
2026-01-09 09:19:18.510: Session Change: 8 SessionId: 1
2026-01-09 09:19:18.511: Stopping Monitor via Task Scheduler...
2026-01-09 09:20:59.485: Stopping Monitor via Task Scheduler...
2026-01-09 09:20:59.541: Service Stopped.
2026-01-09 09:21:33.233: Service Started (Native).
2026-01-09 09:21:33.319: Scheduled task registration command executed.
2026-01-09 09:21:34.438: Session Change: 7 SessionId: 1
2026-01-09 09:21:34.438: Triggering Monitor via Task Scheduler for Session 1
2026-01-09 09:21:57.377: Session Change: 8 SessionId: 1
2026-01-09 09:21:57.378: Stopping Monitor via Task Scheduler...
2026-01-09 09:22:15.961: Session Change: 7 SessionId: 1
2026-01-09 09:22:15.962: Triggering Monitor via Task Scheduler for Session 1
2026-01-09 09:22:21.449: Session Change: 8 SessionId: 1
2026-01-09 09:22:21.450: Stopping Monitor via Task Scheduler...
2026-01-09 09:22:33.730: Session Change: 7 SessionId: 1
2026-01-09 09:22:33.731: Triggering Monitor via Task Scheduler for Session 1
2026-01-09 09:22:40.326: Session Change: 8 SessionId: 1
2026-01-09 09:22:40.326: Stopping Monitor via Task Scheduler...
2026-01-09 09:23:00.981: Session Change: 7 SessionId: 1
2026-01-09 09:23:00.982: Triggering Monitor via Task Scheduler for Session 1
2026-01-09 09:23:07.077: Session Change: 8 SessionId: 1
2026-01-09 09:23:07.077: Stopping Monitor via Task Scheduler...
2026-01-09 09:25:50.685: Stopping Monitor via Task Scheduler...
2026-01-09 09:25:50.741: Service Stopped.
